nohup: ignoring input
Server is running on http://localhost:80
Connected to the database
TypeError: Cannot destructure property 'username' of 'req.body' as it is undefined.
    at exports.register (/home/rvlionxz/lakku-backend/controllers/userController.js:4:11)
    at Layer.handleRequest (/home/rvlionxz/lakku-backend/node_modules/router/lib/layer.js:152:17)
    at next (/home/rvlionxz/lakku-backend/node_modules/router/lib/route.js:157:13)
    at Route.dispatch (/home/rvlionxz/lakku-backend/node_modules/router/lib/route.js:117:3)
    at handle (/home/rvlionxz/lakku-backend/node_modules/router/index.js:435:11)
    at Layer.handleRequest (/home/rvlionxz/lakku-backend/node_modules/router/lib/layer.js:152:17)
    at /home/rvlionxz/lakku-backend/node_modules/router/index.js:295:15
    at processParams (/home/rvlionxz/lakku-backend/node_modules/router/index.js:582:12)
    at next (/home/rvlionxz/lakku-backend/node_modules/router/index.js:291:5)
    at Function.handle (/home/rvlionxz/lakku-backend/node_modules/router/index.js:186:3)
TypeError: Cannot destructure property 'username' of 'req.body' as it is undefined.
    at exports.register (/home/rvlionxz/lakku-backend/controllers/userController.js:4:11)
    at Layer.handleRequest (/home/rvlionxz/lakku-backend/node_modules/router/lib/layer.js:152:17)
    at next (/home/rvlionxz/lakku-backend/node_modules/router/lib/route.js:157:13)
    at Route.dispatch (/home/rvlionxz/lakku-backend/node_modules/router/lib/route.js:117:3)
    at handle (/home/rvlionxz/lakku-backend/node_modules/router/index.js:435:11)
    at Layer.handleRequest (/home/rvlionxz/lakku-backend/node_modules/router/lib/layer.js:152:17)
    at /home/rvlionxz/lakku-backend/node_modules/router/index.js:295:15
    at processParams (/home/rvlionxz/lakku-backend/node_modules/router/index.js:582:12)
    at next (/home/rvlionxz/lakku-backend/node_modules/router/index.js:291:5)
    at Function.handle (/home/rvlionxz/lakku-backend/node_modules/router/index.js:186:3)
TypeError: Cannot destructure property 'username' of 'req.body' as it is undefined.
    at exports.register (/home/rvlionxz/lakku-backend/controllers/userController.js:4:11)
    at Layer.handleRequest (/home/rvlionxz/lakku-backend/node_modules/router/lib/layer.js:152:17)
    at next (/home/rvlionxz/lakku-backend/node_modules/router/lib/route.js:157:13)
    at Route.dispatch (/home/rvlionxz/lakku-backend/node_modules/router/lib/route.js:117:3)
    at handle (/home/rvlionxz/lakku-backend/node_modules/router/index.js:435:11)
    at Layer.handleRequest (/home/rvlionxz/lakku-backend/node_modules/router/lib/layer.js:152:17)
    at /home/rvlionxz/lakku-backend/node_modules/router/index.js:295:15
    at processParams (/home/rvlionxz/lakku-backend/node_modules/router/index.js:582:12)
    at next (/home/rvlionxz/lakku-backend/node_modules/router/index.js:291:5)
    at Function.handle (/home/rvlionxz/lakku-backend/node_modules/router/index.js:186:3)
TypeError: Cannot destructure property 'username' of 'req.body' as it is undefined.
    at exports.register (/home/rvlionxz/lakku-backend/controllers/userController.js:4:11)
    at Layer.handleRequest (/home/rvlionxz/lakku-backend/node_modules/router/lib/layer.js:152:17)
    at next (/home/rvlionxz/lakku-backend/node_modules/router/lib/route.js:157:13)
    at Route.dispatch (/home/rvlionxz/lakku-backend/node_modules/router/lib/route.js:117:3)
    at handle (/home/rvlionxz/lakku-backend/node_modules/router/index.js:435:11)
    at Layer.handleRequest (/home/rvlionxz/lakku-backend/node_modules/router/lib/layer.js:152:17)
    at /home/rvlionxz/lakku-backend/node_modules/router/index.js:295:15
    at processParams (/home/rvlionxz/lakku-backend/node_modules/router/index.js:582:12)
    at next (/home/rvlionxz/lakku-backend/node_modules/router/index.js:291:5)
    at Function.handle (/home/rvlionxz/lakku-backend/node_modules/router/index.js:186:3)
TypeError: Cannot destructure property 'username' of 'req.body' as it is undefined.
    at exports.register (/home/rvlionxz/lakku-backend/controllers/userController.js:4:11)
    at Layer.handleRequest (/home/rvlionxz/lakku-backend/node_modules/router/lib/layer.js:152:17)
    at next (/home/rvlionxz/lakku-backend/node_modules/router/lib/route.js:157:13)
    at Route.dispatch (/home/rvlionxz/lakku-backend/node_modules/router/lib/route.js:117:3)
    at handle (/home/rvlionxz/lakku-backend/node_modules/router/index.js:435:11)
    at Layer.handleRequest (/home/rvlionxz/lakku-backend/node_modules/router/lib/layer.js:152:17)
    at /home/rvlionxz/lakku-backend/node_modules/router/index.js:295:15
    at processParams (/home/rvlionxz/lakku-backend/node_modules/router/index.js:582:12)
    at next (/home/rvlionxz/lakku-backend/node_modules/router/index.js:291:5)
    at Function.handle (/home/rvlionxz/lakku-backend/node_modules/router/index.js:186:3)
